C:\Program Files (x86)\Microsoft Visual Studio\2017\Community\Common7\IDE\VC\VCTargets\Microsoft.Cpp.Common.props(144,5): warning MSB4211: The property "WindowsTargetPlatformVersion" is being set to a value for the first time, but it was already consumed at "C:\Program Files (x86)\Microsoft Visual Studio\2017\Community\Common7\IDE\VC\VCTargets\Microsoft.Cpp.WindowsSDK.props (29,5)".
cl : Command line warning D9002: ignoring unknown option '/arch:SSE'
  buffer.c
..\..\config.h(8): warning C4005: '_USE_SSE': macro redefinition
  ..\..\config.h(8): note: command-line arguments:  see previous definition of '_USE_SSE'
  fftwrap.c
..\..\config.h(8): warning C4005: '_USE_SSE': macro redefinition
  ..\..\config.h(8): note: command-line arguments:  see previous definition of '_USE_SSE'
  filterbank.c
..\..\config.h(8): warning C4005: '_USE_SSE': macro redefinition
  ..\..\config.h(8): note: command-line arguments:  see previous definition of '_USE_SSE'
  jitter.c
..\..\config.h(8): warning C4005: '_USE_SSE': macro redefinition
  ..\..\config.h(8): note: command-line arguments:  see previous definition of '_USE_SSE'
..\..\..\libspeexdsp\jitter.c(445): warning C4018: '<': signed/unsigned mismatch
..\..\..\libspeexdsp\jitter.c(692): warning C4018: '<': signed/unsigned mismatch
  kiss_fft.c
..\..\config.h(8): warning C4005: '_USE_SSE': macro redefinition
  ..\..\config.h(8): note: command-line arguments:  see previous definition of '_USE_SSE'
..\..\..\libspeexdsp\kiss_fft.c(311): warning C4267: '+=': conversion from 'size_t' to 'int', possible loss of data
..\..\..\libspeexdsp\kiss_fft.c(416): warning C4267: 'function': conversion from 'size_t' to 'int', possible loss of data
..\..\..\libspeexdsp\kiss_fft.c(471): warning C4267: 'function': conversion from 'size_t' to 'int', possible loss of data
  kiss_fftr.c
..\..\config.h(8): warning C4005: '_USE_SSE': macro redefinition
  ..\..\config.h(8): note: command-line arguments:  see previous definition of '_USE_SSE'
..\..\..\libspeexdsp\kiss_fftr.c(48): warning C4267: 'function': conversion from 'size_t' to 'int', possible loss of data
  mdf.c
..\..\config.h(8): warning C4005: '_USE_SSE': macro redefinition
  ..\..\config.h(8): note: command-line arguments:  see previous definition of '_USE_SSE'
  preprocess.c
..\..\config.h(8): warning C4005: '_USE_SSE': macro redefinition
  ..\..\config.h(8): note: command-line arguments:  see previous definition of '_USE_SSE'
  resample.c
..\..\config.h(8): warning C4005: '_USE_SSE': macro redefinition
  ..\..\config.h(8): note: command-line arguments:  see previous definition of '_USE_SSE'
f:\git\rack\dep\speexdsp-speexdsp-1.2rc3\libspeexdsp\resample_sse.h(45): warning C4018: '<': signed/unsigned mismatch
f:\git\rack\dep\speexdsp-speexdsp-1.2rc3\libspeexdsp\resample_sse.h(62): warning C4018: '<': signed/unsigned mismatch
f:\git\rack\dep\speexdsp-speexdsp-1.2rc3\libspeexdsp\resample_sse.h(84): warning C4018: '<': signed/unsigned mismatch
f:\git\rack\dep\speexdsp-speexdsp-1.2rc3\libspeexdsp\resample_sse.h(110): warning C4018: '<': signed/unsigned mismatch
..\..\..\libspeexdsp\resample.c(663): warning C4018: '<': signed/unsigned mismatch
..\..\..\libspeexdsp\resample.c(927): warning C4018: '<': signed/unsigned mismatch
..\..\..\libspeexdsp\resample.c(930): warning C4018: '<': signed/unsigned mismatch
..\..\..\libspeexdsp\resample.c(983): warning C4018: '<': signed/unsigned mismatch
..\..\..\libspeexdsp\resample.c(990): warning C4018: '<': signed/unsigned mismatch
..\..\..\libspeexdsp\resample.c(1000): warning C4018: '<': signed/unsigned mismatch
  scal.c
..\..\config.h(8): warning C4005: '_USE_SSE': macro redefinition
  ..\..\config.h(8): note: command-line arguments:  see previous definition of '_USE_SSE'
  smallft.c
..\..\config.h(8): warning C4005: '_USE_SSE': macro redefinition
  ..\..\config.h(8): note: command-line arguments:  see previous definition of '_USE_SSE'
C:\Program Files (x86)\Microsoft Visual Studio\2017\Community\Common7\IDE\VC\VCTargets\Microsoft.CppBuild.targets(1371,5): warning MSB8012: TargetPath(F:\git\Rack\dep\speexdsp-SpeexDSP-1.2rc3\win32\VS2008\x64\Release_Static_SSE\libspeexdsp.lib) does not match the Library's OutputFile property value (F:\git\Rack\dep\lib\msvc\libspeexdsp.lib). This may cause your project to build incorrectly. To correct this, please make sure that $(OutDir), $(TargetName) and $(TargetExt) property values match the value specified in %(Lib.OutputFile).
  libspeexdsp.vcxproj -> F:\git\Rack\dep\speexdsp-SpeexDSP-1.2rc3\win32\VS2008\x64\Release_Static_SSE\libspeexdsp.lib
